# Java VM: Java HotSpot(TM) 64-Bit Server VM (25.231-b11 mixed mode windows-amd64 compressed oops)
Heap:
 PSYoungGen      total 317440K, used 29541K [0x00000000eb780000, 0x00000000fff00000, 0x0000000100000000)
  eden space 301568K, 9% used [0x00000000eb780000,0x00000000ed459428,0x00000000fde00000)
  from space 15872K, 0% used [0x00000000fef80000,0x00000000fef80000,0x00000000fff00000)
  to   space 16896K, 0% used [0x00000000fde00000,0x00000000fde00000,0x00000000fee80000)
 ParOldGen       total 62976K, used 22377K [0x00000000c2600000, 0x00000000c6380000, 0x00000000eb780000)
  object space 62976K, 35% used [0x00000000c2600000,0x00000000c3bda6e0,0x00000000c6380000)
 Metaspace       used 52750K, capacity 55340K, committed 55896K, reserved 1097728K
  class space    used 6736K, capacity 7138K, committed 7256K, reserved 1048576K
GC Heap History (10 events):
Event: 66.903 GC heap before
{Heap before GC invocations=13 (full 2):
 PSYoungGen      total 188416K, used 467K [0x00000000eb780000, 0x00000000fcb00000, 0x0000000100000000)
  eden space 176128K, 0% used [0x00000000eb780000,0x00000000eb780000,0x00000000f6380000)
  from space 12288K, 3% used [0x00000000f6380000,0x00000000f63f4e00,0x00000000f6f80000)
  to   space 12800K, 0% used [0x00000000fbe80000,0x00000000fbe80000,0x00000000fcb00000)
 ParOldGen       total 31232K, used 20162K [0x00000000c2600000, 0x00000000c4480000, 0x00000000eb780000)
  object space 31232K, 64% used [0x00000000c2600000,0x00000000c39b0aa0,0x00000000c4480000)
 Metaspace       used 33487K, capacity 35316K, committed 35416K, reserved 1079296K
  class space    used 4339K, capacity 4650K, committed 4696K, reserved 1048576K
Event: 67.340 GC heap after
Heap after GC invocations=13 (full 2):
 PSYoungGen      total 188416K, used 0K [0x00000000eb780000, 0x00000000fcb00000, 0x0000000100000000)
  eden space 176128K, 0% used [0x00000000eb780000,0x00000000eb780000,0x00000000f6380000)
  from space 12288K, 0% used [0x00000000f6380000,0x00000000f6380000,0x00000000f6f80000)
  to   space 12800K, 0% used [0x00000000fbe80000,0x00000000fbe80000,0x00000000fcb00000)
 ParOldGen       total 43008K, used 13079K [0x00000000c2600000, 0x00000000c5000000, 0x00000000eb780000)
  object space 43008K, 30% used [0x00000000c2600000,0x00000000c32c5fb0,0x00000000c5000000)
 Metaspace       used 33487K, capacity 35316K, committed 35416K, reserved 1079296K
  class space    used 4339K, capacity 4650K, committed 4696K, reserved 1048576K
}
Event: 107.257 GC heap before
{Heap before GC invocations=14 (full 2):
 PSYoungGen      total 188416K, used 176128K [0x00000000eb780000, 0x00000000fcb00000, 0x0000000100000000)
  eden space 176128K, 100% used [0x00000000eb780000,0x00000000f6380000,0x00000000f6380000)
  from space 12288K, 0% used [0x00000000f6380000,0x00000000f6380000,0x00000000f6f80000)
  to   space 12800K, 0% used [0x00000000fbe80000,0x00000000fbe80000,0x00000000fcb00000)
 ParOldGen       total 43008K, used 13079K [0x00000000c2600000, 0x00000000c5000000, 0x00000000eb780000)
  object space 43008K, 30% used [0x00000000c2600000,0x00000000c32c5fb0,0x00000000c5000000)
 Metaspace       used 47736K, capacity 50104K, committed 50264K, reserved 1093632K
  class space    used 6302K, capacity 6707K, committed 6744K, reserved 1048576K
Event: 107.511 GC heap after
Heap after GC invocations=14 (full 2):
 PSYoungGen      total 261120K, used 12788K [0x00000000eb780000, 0x00000000fcd00000, 0x0000000100000000)
  eden space 248320K, 0% used [0x00000000eb780000,0x00000000eb780000,0x00000000faa00000)
  from space 12800K, 99% used [0x00000000fbe80000,0x00000000fcafd028,0x00000000fcb00000)
  to   space 17920K, 0% used [0x00000000faa00000,0x00000000faa00000,0x00000000fbb80000)
 ParOldGen       total 43008K, used 20959K [0x00000000c2600000, 0x00000000c5000000, 0x00000000eb780000)
  object space 43008K, 48% used [0x00000000c2600000,0x00000000c3a77ff8,0x00000000c5000000)
 Metaspace       used 47736K, capacity 50104K, committed 50264K, reserved 1093632K
  class space    used 6302K, capacity 6707K, committed 6744K, reserved 1048576K
}
Event: 916.425 GC heap before
{Heap before GC invocations=15 (full 2):
 PSYoungGen      total 261120K, used 261108K [0x00000000eb780000, 0x00000000fcd00000, 0x0000000100000000)
  eden space 248320K, 100% used [0x00000000eb780000,0x00000000faa00000,0x00000000faa00000)
  from space 12800K, 99% used [0x00000000fbe80000,0x00000000fcafd028,0x00000000fcb00000)
  to   space 17920K, 0% used [0x00000000faa00000,0x00000000faa00000,0x00000000fbb80000)
 ParOldGen       total 43008K, used 20959K [0x00000000c2600000, 0x00000000c5000000, 0x00000000eb780000)
  object space 43008K, 48% used [0x00000000c2600000,0x00000000c3a77ff8,0x00000000c5000000)
 Metaspace       used 52889K, capacity 55566K, committed 55640K, reserved 1097728K
  class space    used 6762K, capacity 7191K, committed 7256K, reserved 1048576K
Event: 1006.977 GC heap after
Heap after GC invocations=15 (full 2):
 PSYoungGen      total 266240K, used 6432K [0x00000000eb780000, 0x0000000100000000, 0x0000000100000000)
  eden space 248320K, 0% used [0x00000000eb780000,0x00000000eb780000,0x00000000faa00000)
  from space 17920K, 35% used [0x00000000faa00000,0x00000000fb048038,0x00000000fbb80000)
  to   space 16896K, 0% used [0x00000000fef80000,0x00000000fef80000,0x0000000100000000)
 ParOldGen       total 43008K, used 31418K [0x00000000c2600000, 0x00000000c5000000, 0x00000000eb780000)
  object space 43008K, 73% used [0x00000000c2600000,0x00000000c44ae880,0x00000000c5000000)
 Metaspace       used 52889K, capacity 55566K, committed 55640K, reserved 1097728K
  class space    used 6762K, capacity 7191K, committed 7256K, reserved 1048576K
}
Event: 1410.500 GC heap before
{Heap before GC invocations=16 (full 2):
 PSYoungGen      total 266240K, used 254752K [0x00000000eb780000, 0x0000000100000000, 0x0000000100000000)
  eden space 248320K, 100% used [0x00000000eb780000,0x00000000faa00000,0x00000000faa00000)
  from space 17920K, 35% used [0x00000000faa00000,0x00000000fb048038,0x00000000fbb80000)
  to   space 16896K, 0% used [0x00000000fef80000,0x00000000fef80000,0x0000000100000000)
 ParOldGen       total 43008K, used 31418K [0x00000000c2600000, 0x00000000c5000000, 0x00000000eb780000)
  object space 43008K, 73% used [0x00000000c2600000,0x00000000c44ae880,0x00000000c5000000)
 Metaspace       used 52932K, capacity 55630K, committed 55896K, reserved 1097728K
  class space    used 6765K, capacity 7191K, committed 7256K, reserved 1048576K
Event: 1473.494 GC heap after
Heap after GC invocations=16 (full 2):
 PSYoungGen      total 317440K, used 240K [0x00000000eb780000, 0x00000000fff00000, 0x0000000100000000)
  eden space 301568K, 0% used [0x00000000eb780000,0x00000000eb780000,0x00000000fde00000)
  from space 15872K, 1% used [0x00000000fef80000,0x00000000fefbc010,0x00000000fff00000)
  to   space 16896K, 0% used [0x00000000fde00000,0x00000000fde00000,0x00000000fee80000)
 ParOldGen       total 43008K, used 35555K [0x00000000c2600000, 0x00000000c5000000, 0x00000000eb780000)
  object space 43008K, 82% used [0x00000000c2600000,0x00000000c48b8c08,0x00000000c5000000)
 Metaspace       used 52932K, capacity 55630K, committed 55896K, reserved 1097728K
  class space    used 6765K, capacity 7191K, committed 7256K, reserved 1048576K
}
Event: 1473.749 GC heap before
{Heap before GC invocations=17 (full 3):
 PSYoungGen      total 317440K, used 240K [0x00000000eb780000, 0x00000000fff00000, 0x0000000100000000)
  eden space 301568K, 0% used [0x00000000eb780000,0x00000000eb780000,0x00000000fde00000)
  from space 15872K, 1% used [0x00000000fef80000,0x00000000fefbc010,0x00000000fff00000)
  to   space 16896K, 0% used [0x00000000fde00000,0x00000000fde00000,0x00000000fee80000)
 ParOldGen       total 43008K, used 35555K [0x00000000c2600000, 0x00000000c5000000, 0x00000000eb780000)
  object space 43008K, 82% used [0x00000000c2600000,0x00000000c48b8c08,0x00000000c5000000)
 Metaspace       used 52932K, capacity 55630K, committed 55896K, reserved 1097728K
  class space    used 6765K, capacity 7191K, committed 7256K, reserved 1048576K
Event: 1677.105 GC heap after
Heap after GC invocations=17 (full 3):
 PSYoungGen      total 317440K, used 0K [0x00000000eb780000, 0x00000000fff00000, 0x0000000100000000)
  eden space 301568K, 0% used [0x00000000eb780000,0x00000000eb780000,0x00000000fde00000)
  from space 15872K, 0% used [0x00000000fef80000,0x00000000fef80000,0x00000000fff00000)
  to   space 16896K, 0% used [0x00000000fde00000,0x00000000fde00000,0x00000000fee80000)
 ParOldGen       total 62976K, used 22377K [0x00000000c2600000, 0x00000000c6380000, 0x00000000eb780000)
  object space 62976K, 35% used [0x00000000c2600000,0x00000000c3bda6e0,0x00000000c6380000)
 Metaspace       used 52749K, capacity 55340K, committed 55896K, reserved 1097728K
  class space    used 6736K, capacity 7138K, committed 7256K, reserved 1048576K
}

